# JRE version: OpenJDK Runtime Environment AdoptOpenJDK-11.0.11+9 (11.0.11+9) (build 11.0.11+9)
# Java VM: OpenJDK 64-Bit Server VM AdoptOpenJDK-11.0.11+9 (11.0.11+9, mixed mode, tiered, compressed oops, g1 gc, windows-amd64)
Heap:
 garbage-first heap   total 118784K, used 12216K [0x00000000a0c00000, 0x0000000100000000)
  region size 1024K, 7 young (7168K), 7 survivors (7168K)
 Metaspace       used 31285K, capacity 32442K, committed 32512K, reserved 1085440K
  class space    used 3834K, capacity 4314K, committed 4352K, reserved 1048576K
GC Heap History (12 events):
Event: 1.274 GC heap before
{Heap before GC invocations=0 (full 0):
 garbage-first heap   total 98304K, used 14336K [0x00000000a0c00000, 0x0000000100000000)
  region size 1024K, 14 young (14336K), 0 survivors (0K)
 Metaspace       used 13038K, capacity 13291K, committed 13568K, reserved 1060864K
  class space    used 1349K, capacity 1472K, committed 1536K, reserved 1048576K
}
Event: 1.290 GC heap after
{Heap after GC invocations=1 (full 0):
 garbage-first heap   total 98304K, used 5488K [0x00000000a0c00000, 0x0000000100000000)
  region size 1024K, 2 young (2048K), 2 survivors (2048K)
 Metaspace       used 13038K, capacity 13291K, committed 13568K, reserved 1060864K
  class space    used 1349K, capacity 1472K, committed 1536K, reserved 1048576K
}
Event: 1.393 GC heap before
{Heap before GC invocations=1 (full 0):
 garbage-first heap   total 98304K, used 6512K [0x00000000a0c00000, 0x0000000100000000)
  region size 1024K, 4 young (4096K), 2 survivors (2048K)
 Metaspace       used 13528K, capacity 13944K, committed 14208K, reserved 1062912K
  class space    used 1403K, capacity 1542K, committed 1664K, reserved 1048576K
}
Event: 1.398 GC heap after
{Heap after GC invocations=2 (full 0):
 garbage-first heap   total 98304K, used 5917K [0x00000000a0c00000, 0x0000000100000000)
  region size 1024K, 1 young (1024K), 1 survivors (1024K)
 Metaspace       used 13528K, capacity 13944K, committed 14208K, reserved 1062912K
  class space    used 1403K, capacity 1542K, committed 1664K, reserved 1048576K
}
Event: 1.876 GC heap before
{Heap before GC invocations=2 (full 0):
 garbage-first heap   total 98304K, used 22301K [0x00000000a0c00000, 0x0000000100000000)
  region size 1024K, 18 young (18432K), 1 survivors (1024K)
 Metaspace       used 17550K, capacity 18129K, committed 18304K, reserved 1064960K
  class space    used 1965K, capacity 2173K, committed 2176K, reserved 1048576K
}
Event: 1.882 GC heap after
{Heap after GC invocations=3 (full 0):
 garbage-first heap   total 98304K, used 7152K [0x00000000a0c00000, 0x0000000100000000)
  region size 1024K, 2 young (2048K), 2 survivors (2048K)
 Metaspace       used 17550K, capacity 18129K, committed 18304K, reserved 1064960K
  class space    used 1965K, capacity 2173K, committed 2176K, reserved 1048576K
}
Event: 2.243 GC heap before
{Heap before GC invocations=3 (full 0):
 garbage-first heap   total 98304K, used 21488K [0x00000000a0c00000, 0x0000000100000000)
  region size 1024K, 18 young (18432K), 2 survivors (2048K)
 Metaspace       used 20358K, capacity 21101K, committed 21296K, reserved 1069056K
  class space    used 2390K, capacity 2664K, committed 2688K, reserved 1048576K
}
Event: 2.250 GC heap after
{Heap after GC invocations=4 (full 0):
 garbage-first heap   total 98304K, used 8022K [0x00000000a0c00000, 0x0000000100000000)
  region size 1024K, 3 young (3072K), 3 survivors (3072K)
 Metaspace       used 20358K, capacity 21101K, committed 21296K, reserved 1069056K
  class space    used 2390K, capacity 2664K, committed 2688K, reserved 1048576K
}
Event: 3.007 GC heap before
{Heap before GC invocations=5 (full 0):
 garbage-first heap   total 98304K, used 44886K [0x00000000a0c00000, 0x0000000100000000)
  region size 1024K, 39 young (39936K), 3 survivors (3072K)
 Metaspace       used 25139K, capacity 26065K, committed 26240K, reserved 1073152K
  class space    used 3020K, capacity 3386K, committed 3456K, reserved 1048576K
}
Event: 3.017 GC heap after
{Heap after GC invocations=6 (full 0):
 garbage-first heap   total 118784K, used 9910K [0x00000000a0c00000, 0x0000000100000000)
  region size 1024K, 5 young (5120K), 5 survivors (5120K)
 Metaspace       used 25139K, capacity 26065K, committed 26240K, reserved 1073152K
  class space    used 3020K, capacity 3386K, committed 3456K, reserved 1048576K
}
Event: 3.808 GC heap before
{Heap before GC invocations=6 (full 0):
 garbage-first heap   total 118784K, used 62134K [0x00000000a0c00000, 0x0000000100000000)
  region size 1024K, 57 young (58368K), 5 survivors (5120K)
 Metaspace       used 31285K, capacity 32442K, committed 32512K, reserved 1083392K
  class space    used 3834K, capacity 4314K, committed 4352K, reserved 1048576K
}
Event: 3.820 GC heap after
{Heap after GC invocations=7 (full 0):
 garbage-first heap   total 118784K, used 12216K [0x00000000a0c00000, 0x0000000100000000)
  region size 1024K, 7 young (7168K), 7 survivors (7168K)
 Metaspace       used 31285K, capacity 32442K, committed 32512K, reserved 1083392K
  class space    used 3834K, capacity 4314K, committed 4352K, reserved 1048576K
}

