# JRE version: OpenJDK Runtime Environment AdoptOpenJDK-11.0.11+9 (11.0.11+9) (build 11.0.11+9)
# Java VM: OpenJDK 64-Bit Server VM AdoptOpenJDK-11.0.11+9 (11.0.11+9, mixed mode, tiered, compressed oops, g1 gc, windows-amd64)
Heap:
 garbage-first heap   total 118784K, used 13770K [0x00000000a0c00000, 0x0000000100000000)
  region size 1024K, 9 young (9216K), 5 survivors (5120K)
 Metaspace       used 28003K, capacity 28891K, committed 29056K, reserved 1075200K
  class space    used 3252K, capacity 3615K, committed 3712K, reserved 1048576K
GC Heap History (10 events):
Event: 0.661 GC heap before
{Heap before GC invocations=0 (full 0):
 garbage-first heap   total 98304K, used 13312K [0x00000000a0c00000, 0x0000000100000000)
  region size 1024K, 14 young (14336K), 0 survivors (0K)
 Metaspace       used 10039K, capacity 10304K, committed 10496K, reserved 1058816K
  class space    used 928K, capacity 994K, committed 1024K, reserved 1048576K
}
Event: 0.671 GC heap after
{Heap after GC invocations=1 (full 0):
 garbage-first heap   total 98304K, used 6267K [0x00000000a0c00000, 0x0000000100000000)
  region size 1024K, 2 young (2048K), 2 survivors (2048K)
 Metaspace       used 10039K, capacity 10304K, committed 10496K, reserved 1058816K
  class space    used 928K, capacity 994K, committed 1024K, reserved 1048576K
}
Event: 0.976 GC heap before
{Heap before GC invocations=1 (full 0):
 garbage-first heap   total 98304K, used 13435K [0x00000000a0c00000, 0x0000000100000000)
  region size 1024K, 9 young (9216K), 2 survivors (2048K)
 Metaspace       used 11730K, capacity 12005K, committed 12288K, reserved 1060864K
  class space    used 1137K, capacity 1224K, committed 1280K, reserved 1048576K
}
Event: 0.981 GC heap after
{Heap after GC invocations=2 (full 0):
 garbage-first heap   total 98304K, used 6807K [0x00000000a0c00000, 0x0000000100000000)
  region size 1024K, 1 young (1024K), 1 survivors (1024K)
 Metaspace       used 11730K, capacity 12005K, committed 12288K, reserved 1060864K
  class space    used 1137K, capacity 1224K, committed 1280K, reserved 1048576K
}
Event: 1.519 GC heap before
{Heap before GC invocations=2 (full 0):
 garbage-first heap   total 98304K, used 27287K [0x00000000a0c00000, 0x0000000100000000)
  region size 1024K, 21 young (21504K), 1 survivors (1024K)
 Metaspace       used 15930K, capacity 16493K, committed 16768K, reserved 1064960K
  class space    used 1674K, capacity 1877K, committed 1920K, reserved 1048576K
}
Event: 1.523 GC heap after
{Heap after GC invocations=3 (full 0):
 garbage-first heap   total 98304K, used 7686K [0x00000000a0c00000, 0x0000000100000000)
  region size 1024K, 2 young (2048K), 2 survivors (2048K)
 Metaspace       used 15930K, capacity 16493K, committed 16768K, reserved 1064960K
  class space    used 1674K, capacity 1877K, committed 1920K, reserved 1048576K
}
Event: 2.168 GC heap before
{Heap before GC invocations=3 (full 0):
 garbage-first heap   total 98304K, used 35334K [0x00000000a0c00000, 0x0000000100000000)
  region size 1024K, 30 young (30720K), 2 survivors (2048K)
 Metaspace       used 20462K, capacity 21162K, committed 21248K, reserved 1069056K
  class space    used 2271K, capacity 2547K, committed 2560K, reserved 1048576K
}
Event: 2.177 GC heap after
{Heap after GC invocations=4 (full 0):
 garbage-first heap   total 98304K, used 8932K [0x00000000a0c00000, 0x0000000100000000)
  region size 1024K, 3 young (3072K), 3 survivors (3072K)
 Metaspace       used 20462K, capacity 21162K, committed 21248K, reserved 1069056K
  class space    used 2271K, capacity 2547K, committed 2560K, reserved 1048576K
}
Event: 2.983 GC heap before
{Heap before GC invocations=5 (full 0):
 garbage-first heap   total 98304K, used 57060K [0x00000000a0c00000, 0x0000000100000000)
  region size 1024K, 51 young (52224K), 3 survivors (3072K)
 Metaspace       used 27571K, capacity 28436K, committed 28672K, reserved 1075200K
  class space    used 3189K, capacity 3546K, committed 3584K, reserved 1048576K
}
Event: 3.020 GC heap after
{Heap after GC invocations=6 (full 0):
 garbage-first heap   total 118784K, used 10698K [0x00000000a0c00000, 0x0000000100000000)
  region size 1024K, 5 young (5120K), 5 survivors (5120K)
 Metaspace       used 27571K, capacity 28436K, committed 28672K, reserved 1075200K
  class space    used 3189K, capacity 3546K, committed 3584K, reserved 1048576K
}

